{"name": "test_01_phone_login", "status": "broken", "statusDetails": {"message": "Exception: ('element not found', 'timeout 30.0')", "trace": "args = (<pageObject.login.Login object at 0x7fca83623bb0>,), kwargs = {}\n\n    @wraps(func)\n    def wrapper(*args, **kwargs):\n        try:\n            log.i('--> %s' % func.__qualname__)\n>           return func(*args, **kwargs)\n\ncommon/decorator.py:83: \n_ _ _ _ _ _ _ _ _ _ _ _ _ _ _ _ _ _ _ _ _ _ _ _ _ _ _ _ _ _ _ _ _ _ _ _ _ _ _ _ \n\nself = <pageObject.login.Login object at 0x7fca83623bb0>\n\n    @allure.step('选择同意协议')\n    @step\n    def select_agreement_update_agree(self):\n        # 选择同意按钮\n        log.i(\"选择同意协议\")\n>       self.s(text=\"同意\", className=\"Button\").click()\n\npageObject/login.py:32: \n_ _ _ _ _ _ _ _ _ _ _ _ _ _ _ _ _ _ _ _ _ _ _ _ _ _ _ _ _ _ _ _ _ _ _ _ _ _ _ _ \n\nself = <wda.Selector object at 0x7fca85129790>, timeout = None\n\n    def click(self, timeout: Optional[float] = None):\n        \"\"\"\n        Click element\n    \n        Args:\n            timeout (float): max wait seconds\n        \"\"\"\n>       e = self.get(timeout=timeout)\n\nvenv/lib/python3.9/site-packages/wda/__init__.py:1552: \n_ _ _ _ _ _ _ _ _ _ _ _ _ _ _ _ _ _ _ _ _ _ _ _ _ _ _ _ _ _ _ _ _ _ _ _ _ _ _ _ \n\nself = <wda.Selector object at 0x7fca85129790>, timeout = 30.0\nraise_error = True\n\n    def get(self, timeout=None, raise_error=True):\n        \"\"\"\n        Args:\n            timeout (float): timeout for query element, unit seconds\n                Default 10s\n            raise_error (bool): whether to raise error if element not found\n    \n        Returns:\n            Element: UI Element\n    \n        Raises:\n            WDAElementNotFoundError if raise_error is True else None\n        \"\"\"\n        start_time = time.time()\n        if timeout is None:\n            timeout = self._timeout\n        while True:\n            elems = self.find_elements()\n            if len(elems) > 0:\n                return elems[0]\n            if start_time + timeout < time.time():\n                break\n            time.sleep(0.5)\n    \n        if raise_error:\n>           raise WDAElementNotFoundError(\"element not found\",\n                                          \"timeout %.1f\" % timeout)\nE           wda.exceptions.WDAElementNotFoundError: ('element not found', 'timeout 30.0')\n\nvenv/lib/python3.9/site-packages/wda/__init__.py:1513: WDAElementNotFoundError\n\nDuring handling of the above exception, another exception occurred:\n\nargs = (<test_00_login.TestLogin object at 0x7fca851290d0>,), kwargs = {}\ngif_name = '/Users/jike/PycharmProjects/pythonProject/TestReport/iPhoneX_cea307eb34fb7a0ebc2b6402e62de9bdb55cebfa/1656053879953.gif'\nf = <_io.BufferedReader name='/Users/jike/PycharmProjects/pythonProject/TestReport/iPhoneX_cea307eb34fb7a0ebc2b6402e62de9bdb55cebfa/1656053879953.gif'>\nfile = b'GIF89ae\\x04\\x84\\t\\x87\\x00\\x00\\xff\\xff\\xff\\xff\\xfe\\xff\\xff\\xff\\xfd\\xff\\xfe\\xf9\\xff\\xfe\\xf3\\xff\\xfe\\xec\\xff\\xfd\\xf0\\xf...xfd\\\\\\xc6}\\\\\\xd5\\x1d]\\xd9-]\\xd6=]\\xd7M]\\x1a\\xd8\\r]\\xdam]\\xa4-\\\\\\xd4\\x8d]\\xdd]]\\xde\\xbd]\\xdf}\\xddt\\xfd\\xd6\\x80\\x00\\x00;'\n\n    @wraps(func)\n    def wrapper(*args, **kwargs):\n        try:\n            log.d('\\n--> %s', func.__qualname__)\n>           ret = func(*args, **kwargs)\n\ncommon/decorator.py:104: \n_ _ _ _ _ _ _ _ _ _ _ _ _ _ _ _ _ _ _ _ _ _ _ _ _ _ _ _ _ _ _ _ _ _ _ _ _ _ _ _ \n\nself = <test_00_login.TestLogin object at 0x7fca851290d0>\n\n    @allure.description(\"登录账号\")\n    @case\n    def test_01_phone_login(self):\n>       login.phone_login(\"14030073007\", \"123456\")\n\ntests/test_00_login.py:33: \n_ _ _ _ _ _ _ _ _ _ _ _ _ _ _ _ _ _ _ _ _ _ _ _ _ _ _ _ _ _ _ _ _ _ _ _ _ _ _ _ \n\nphone = '14030073007', password = '123456'\n\n    def phone_login(phone, password):\n>       page.select_agreement_update_agree()\n\npageObject/login.py:154: \n_ _ _ _ _ _ _ _ _ _ _ _ _ _ _ _ _ _ _ _ _ _ _ _ _ _ _ _ _ _ _ _ _ _ _ _ _ _ _ _ \n\na = (<pageObject.login.Login object at 0x7fca83623bb0>,), kw = {}\n__tracebackhide__ = True\nparams = OrderedDict([('args', '(<pageObject.login.Login object at 0x7fca83623bb0>,)')])\nargs = ['<pageObject.login.Login object at 0x7fca83623bb0>']\n\n    @wraps(func)\n    def impl(*a, **kw):\n        __tracebackhide__ = True\n        params = func_parameters(func, *a, **kw)\n        args = list(map(lambda x: represent(x), a))\n        with StepContext(self.title.format(*args, **params), params):\n>           return func(*a, **kw)\n\nvenv/lib/python3.9/site-packages/allure_commons/_allure.py:172: \n_ _ _ _ _ _ _ _ _ _ _ _ _ _ _ _ _ _ _ _ _ _ _ _ _ _ _ _ _ _ _ _ _ _ _ _ _ _ _ _ \n\nargs = (<pageObject.login.Login object at 0x7fca83623bb0>,), kwargs = {}\n\n    @wraps(func)\n    def wrapper(*args, **kwargs):\n        try:\n            log.i('--> %s' % func.__qualname__)\n            return func(*args, **kwargs)\n        except requests.ConnectionError:\n            print(\"ConnectionError\")\n            reset_driver()\n            func(*args, **kwargs)\n        except Exception as e:\n            log.e('\\t<-- %s, %s, %s', func.__qualname__, 'Exception', e)\n>           raise Exception(e)\nE           Exception: ('element not found', 'timeout 30.0')\n\ncommon/decorator.py:90: Exception\n\nDuring handling of the above exception, another exception occurred:\n\nargs = (<test_00_login.TestLogin object at 0x7fca851290d0>,), kwargs = {}\ngif_name = '/Users/jike/PycharmProjects/pythonProject/TestReport/iPhoneX_cea307eb34fb7a0ebc2b6402e62de9bdb55cebfa/1656053879953.gif'\nf = <_io.BufferedReader name='/Users/jike/PycharmProjects/pythonProject/TestReport/iPhoneX_cea307eb34fb7a0ebc2b6402e62de9bdb55cebfa/1656053879953.gif'>\nfile = b'GIF89ae\\x04\\x84\\t\\x87\\x00\\x00\\xff\\xff\\xff\\xff\\xfe\\xff\\xff\\xff\\xfd\\xff\\xfe\\xf9\\xff\\xfe\\xf3\\xff\\xfe\\xec\\xff\\xfd\\xf0\\xf...xfd\\\\\\xc6}\\\\\\xd5\\x1d]\\xd9-]\\xd6=]\\xd7M]\\x1a\\xd8\\r]\\xdam]\\xa4-\\\\\\xd4\\x8d]\\xdd]]\\xde\\xbd]\\xdf}\\xddt\\xfd\\xd6\\x80\\x00\\x00;'\n\n    @wraps(func)\n    def wrapper(*args, **kwargs):\n        try:\n            log.d('\\n--> %s', func.__qualname__)\n            ret = func(*args, **kwargs)\n            log.d('<-- %s, %s', func.__qualname__, 'Success')\n            return ret\n        except wda.WDAElementNotFoundError:\n            print(\"WDAElementNotFoundError\")\n            log.d('\\n--> %s', func.__qualname__)\n            ret = func(*args, **kwargs)\n            log.d('<-- %s, %s', func.__qualname__, 'Success')\n            return ret\n        except Exception as e:\n            log.e('<-- %s, %s, %s\\n', func.__qualname__, 'Exception', e)\n>           raise Exception(e)\nE           Exception: ('element not found', 'timeout 30.0')\n\ncommon/decorator.py:115: Exception"}, "description": "登录账号", "steps": [{"name": "选择同意协议", "status": "broken", "statusDetails": {"message": "Exception: ('element not found', 'timeout 30.0')\n", "trace": "  File \"/Users/jike/PycharmProjects/pythonProject/venv/lib/python3.9/site-packages/allure_commons/_allure.py\", line 172, in impl\n    return func(*a, **kw)\n  File \"/Users/jike/PycharmProjects/pythonProject/common/decorator.py\", line 90, in wrapper\n    raise Exception(e)\n"}, "attachments": [{"name": "Login.select_agreement_update_agree-20220624145759.PNG", "source": "a519b9c2-3d63-4170-bc40-b59747765549-attachment.png", "type": "image/png"}], "parameters": [{"name": "args", "value": "(<pageObject.login.Login object at 0x7fca83623bb0>,)"}], "start": 1656053848104, "stop": 1656053879859}], "attachments": [{"name": "case.gif", "source": "99ca01eb-d1f8-4c79-8882-280be6675e4a-attachment.gif", "type": "image/gif"}, {"name": "log", "source": "e0aaefac-fca8-4b82-b199-e29ec3a675ea-attachment.txt", "type": "text/plain"}], "start": 1656053848104, "stop": 1656053880215, "uuid": "5a344ad5-4101-4007-a4a4-5868661793a9", "historyId": "6bbda9dd678259dc795c231e4fb7cb31", "testCaseId": "6dfb9c3a830cddc8a55a8b655c34a00a", "fullName": "tests.test_00_login.TestLogin#test_01_phone_login", "labels": [{"name": "feature", "value": "登录"}, {"name": "tag", "value": "jw"}, {"name": "parentSuite", "value": "tests"}, {"name": "suite", "value": "test_00_login"}, {"name": "subSuite", "value": "TestLogin"}, {"name": "host", "value": "jikedeMacBook-Pro-4.local"}, {"name": "thread", "value": "28181-MainThread"}, {"name": "framework", "value": "pytest"}, {"name": "language", "value": "cpython3"}, {"name": "package", "value": "tests.test_00_login"}]}