{"name": "test_00_check_agreement", "status": "broken", "statusDetails": {"message": "Exception: activate_app() missing 1 required positional argument: 'self'", "trace": "args = (), kwargs = {}\n\n    @wraps(func)\n    def wrapper(*args, **kwargs):\n        try:\n            log.i('--> %s' % func.__qualname__)\n>           return func(*args, **kwargs)\nE           TypeError: activate_app() missing 1 required positional argument: 'self'\n\ncommon/decorator.py:83: TypeError\n\nDuring handling of the above exception, another exception occurred:\n\ncls = <class 'test_00_login.TestLogin'>\n\n    @classmethod\n    def setup_class(cls):\n>       init.activate_app()\n\ntests/test_00_login.py:16: \n_ _ _ _ _ _ _ _ _ _ _ _ _ _ _ _ _ _ _ _ _ _ _ _ _ _ _ _ _ _ _ _ _ _ _ _ _ _ _ _ \n\nargs = (), kwargs = {}\n\n    @wraps(func)\n    def wrapper(*args, **kwargs):\n        try:\n            log.i('--> %s' % func.__qualname__)\n            return func(*args, **kwargs)\n        except requests.ConnectionError:\n            print(\"ConnectionError\")\n            reset_driver()\n            func(*args, **kwargs)\n        except Exception as e:\n            log.e('\\t<-- %s, %s, %s', func.__qualname__, 'Exception', e)\n>           raise Exception(e)\nE           Exception: activate_app() missing 1 required positional argument: 'self'\n\ncommon/decorator.py:90: Exception"}, "description": "检查登录页协议更新弹窗", "attachments": [{"name": "log", "source": "21e54f0d-c1bd-4e14-bb62-32f76e5a7e5e-attachment.txt", "type": "text/plain"}], "start": 1656044183747, "stop": 1656044183747, "uuid": "8b2b61e9-3ee2-4cc6-97d7-45b15263ebd3", "historyId": "8c15465122ca0a416bbfd520393b8926", "testCaseId": "70bd8aa7e5a249c6288fb18bed552575", "fullName": "tests.test_00_login.TestLogin#test_00_check_agreement", "labels": [{"name": "feature", "value": "登录"}, {"name": "tag", "value": "jw"}, {"name": "parentSuite", "value": "tests"}, {"name": "suite", "value": "test_00_login"}, {"name": "subSuite", "value": "TestLogin"}, {"name": "host", "value": "jikedeMBP-4"}, {"name": "thread", "value": "25022-MainThread"}, {"name": "framework", "value": "pytest"}, {"name": "language", "value": "cpython3"}, {"name": "package", "value": "tests.test_00_login"}]}