{"uid":"2204ff28b3487d09","name":"test_01_edit_account_jellow","fullName":"tests.test_01_mine.TestMine#test_01_edit_account_jellow","historyId":"1d6b49938a3d5b7c85b6d876373ef1cd","time":{"start":1656059303439,"stop":1656059305831,"duration":2392},"description":"修改会员标识","descriptionHtml":"<p>修改会员标识</p>\n","status":"broken","statusMessage":"Exception: click_my_tab() missing 1 required positional argument: 'self'","statusTrace":"args = (), kwargs = {}\n\n    @wraps(func)\n    def wrapper(*args, **kwargs):\n        try:\n            log.i('--> %s' % func.__qualname__)\n>           return func(*args, **kwargs)\nE           TypeError: click_my_tab() missing 1 required positional argument: 'self'\n\ncommon/decorator.py:83: TypeError\n\nDuring handling of the above exception, another exception occurred:\n\nargs = (<test_01_mine.TestMine object at 0x7ff44bd04cd0>,), kwargs = {}\ngif_name = '/Users/jike/PycharmProjects/pythonProject/TestReport/iPhoneX_cea307eb34fb7a0ebc2b6402e62de9bdb55cebfa/1656059305372.gif'\nf = <_io.BufferedReader name='/Users/jike/PycharmProjects/pythonProject/TestReport/iPhoneX_cea307eb34fb7a0ebc2b6402e62de9bdb55cebfa/1656059305372.gif'>\nfile = b'GIF89ae\\x04\\x84\\t\\x87\\x00\\x00\\xff\\xff\\xff\\xff\\xff\\xf4\\xf6\\xff\\xfe\\xff\\xfe\\xff\\xfe\\xfe\\xff\\xfe\\xfe\\xfe\\xff\\xfe\\xfd\\xf...\\xd6\\xaa\\xad\\xde*\\xae\\xe6\\xaa\\xae\\xee*\\xaf\\xf6\\xaa\\xaf\\xfe*\\xb0\\x06\\xab\\xb0\\x0e+\\xb1\\x16\\xab\\xb1\\x1e+\\xb1\\x06\\x04\\x00;'\n\n    @wraps(func)\n    def wrapper(*args, **kwargs):\n        try:\n            log.d('\\n--> %s', func.__qualname__)\n>           ret = func(*args, **kwargs)\n\ncommon/decorator.py:104: \n_ _ _ _ _ _ _ _ _ _ _ _ _ _ _ _ _ _ _ _ _ _ _ _ _ _ _ _ _ _ _ _ _ _ _ _ _ _ _ _ \n\nself = <test_01_mine.TestMine object at 0x7ff44bd04cd0>\n\n    @allure.description(\"修改会员标识\")\n    @case\n    def test_01_edit_account_jellow(self):\n>       mine.edit_account_jellow()\n\ntests/test_01_mine.py:36: \n_ _ _ _ _ _ _ _ _ _ _ _ _ _ _ _ _ _ _ _ _ _ _ _ _ _ _ _ _ _ _ _ _ _ _ _ _ _ _ _ \n\n    def edit_account_jellow():\n>       init.click_my_tab()\n\npageObject/mine.py:180: \n_ _ _ _ _ _ _ _ _ _ _ _ _ _ _ _ _ _ _ _ _ _ _ _ _ _ _ _ _ _ _ _ _ _ _ _ _ _ _ _ \n\nargs = (), kwargs = {}\n\n    @wraps(func)\n    def wrapper(*args, **kwargs):\n        try:\n            log.i('--> %s' % func.__qualname__)\n            return func(*args, **kwargs)\n        except requests.ConnectionError:\n            print(\"ConnectionError\")\n            reset_driver()\n            func(*args, **kwargs)\n        except Exception as e:\n            log.e('\\t<-- %s, %s, %s', func.__qualname__, 'Exception', e)\n>           raise Exception(e)\nE           Exception: click_my_tab() missing 1 required positional argument: 'self'\n\ncommon/decorator.py:90: Exception\n\nDuring handling of the above exception, another exception occurred:\n\nargs = (<test_01_mine.TestMine object at 0x7ff44bd04cd0>,), kwargs = {}\ngif_name = '/Users/jike/PycharmProjects/pythonProject/TestReport/iPhoneX_cea307eb34fb7a0ebc2b6402e62de9bdb55cebfa/1656059305372.gif'\nf = <_io.BufferedReader name='/Users/jike/PycharmProjects/pythonProject/TestReport/iPhoneX_cea307eb34fb7a0ebc2b6402e62de9bdb55cebfa/1656059305372.gif'>\nfile = b'GIF89ae\\x04\\x84\\t\\x87\\x00\\x00\\xff\\xff\\xff\\xff\\xff\\xf4\\xf6\\xff\\xfe\\xff\\xfe\\xff\\xfe\\xfe\\xff\\xfe\\xfe\\xfe\\xff\\xfe\\xfd\\xf...\\xd6\\xaa\\xad\\xde*\\xae\\xe6\\xaa\\xae\\xee*\\xaf\\xf6\\xaa\\xaf\\xfe*\\xb0\\x06\\xab\\xb0\\x0e+\\xb1\\x16\\xab\\xb1\\x1e+\\xb1\\x06\\x04\\x00;'\n\n    @wraps(func)\n    def wrapper(*args, **kwargs):\n        try:\n            log.d('\\n--> %s', func.__qualname__)\n            ret = func(*args, **kwargs)\n            log.d('<-- %s, %s', func.__qualname__, 'Success')\n            return ret\n        except wda.WDAElementNotFoundError:\n            print(\"WDAElementNotFoundError\")\n            log.d('\\n--> %s', func.__qualname__)\n            ret = func(*args, **kwargs)\n            log.d('<-- %s, %s', func.__qualname__, 'Success')\n            return ret\n        except Exception as e:\n            log.e('<-- %s, %s, %s\\n', func.__qualname__, 'Exception', e)\n>           raise Exception(e)\nE           Exception: click_my_tab() missing 1 required positional argument: 'self'\n\ncommon/decorator.py:115: Exception","flaky":false,"newFailed":false,"newBroken":false,"newPassed":false,"retriesCount":0,"retriesStatusChange":false,"beforeStages":[{"name":"xunit_setup_class_fixture_TestMine","time":{"start":1656059291995,"stop":1656059294639,"duration":2644},"status":"passed","steps":[],"attachments":[{"uid":"b9aa4911bc72419f","name":"init.check_login_status-20220624162813.PNG","source":"b9aa4911bc72419f.png","type":"image/png","size":2050274}],"parameters":[],"stepsCount":0,"attachmentsCount":1,"shouldDisplayMessage":false,"hasContent":true}],"testStage":{"description":"修改会员标识","status":"broken","statusMessage":"Exception: click_my_tab() missing 1 required positional argument: 'self'","statusTrace":"args = (), kwargs = {}\n\n    @wraps(func)\n    def wrapper(*args, **kwargs):\n        try:\n            log.i('--> %s' % func.__qualname__)\n>           return func(*args, **kwargs)\nE           TypeError: click_my_tab() missing 1 required positional argument: 'self'\n\ncommon/decorator.py:83: TypeError\n\nDuring handling of the above exception, another exception occurred:\n\nargs = (<test_01_mine.TestMine object at 0x7ff44bd04cd0>,), kwargs = {}\ngif_name = '/Users/jike/PycharmProjects/pythonProject/TestReport/iPhoneX_cea307eb34fb7a0ebc2b6402e62de9bdb55cebfa/1656059305372.gif'\nf = <_io.BufferedReader name='/Users/jike/PycharmProjects/pythonProject/TestReport/iPhoneX_cea307eb34fb7a0ebc2b6402e62de9bdb55cebfa/1656059305372.gif'>\nfile = b'GIF89ae\\x04\\x84\\t\\x87\\x00\\x00\\xff\\xff\\xff\\xff\\xff\\xf4\\xf6\\xff\\xfe\\xff\\xfe\\xff\\xfe\\xfe\\xff\\xfe\\xfe\\xfe\\xff\\xfe\\xfd\\xf...\\xd6\\xaa\\xad\\xde*\\xae\\xe6\\xaa\\xae\\xee*\\xaf\\xf6\\xaa\\xaf\\xfe*\\xb0\\x06\\xab\\xb0\\x0e+\\xb1\\x16\\xab\\xb1\\x1e+\\xb1\\x06\\x04\\x00;'\n\n    @wraps(func)\n    def wrapper(*args, **kwargs):\n        try:\n            log.d('\\n--> %s', func.__qualname__)\n>           ret = func(*args, **kwargs)\n\ncommon/decorator.py:104: \n_ _ _ _ _ _ _ _ _ _ _ _ _ _ _ _ _ _ _ _ _ _ _ _ _ _ _ _ _ _ _ _ _ _ _ _ _ _ _ _ \n\nself = <test_01_mine.TestMine object at 0x7ff44bd04cd0>\n\n    @allure.description(\"修改会员标识\")\n    @case\n    def test_01_edit_account_jellow(self):\n>       mine.edit_account_jellow()\n\ntests/test_01_mine.py:36: \n_ _ _ _ _ _ _ _ _ _ _ _ _ _ _ _ _ _ _ _ _ _ _ _ _ _ _ _ _ _ _ _ _ _ _ _ _ _ _ _ \n\n    def edit_account_jellow():\n>       init.click_my_tab()\n\npageObject/mine.py:180: \n_ _ _ _ _ _ _ _ _ _ _ _ _ _ _ _ _ _ _ _ _ _ _ _ _ _ _ _ _ _ _ _ _ _ _ _ _ _ _ _ \n\nargs = (), kwargs = {}\n\n    @wraps(func)\n    def wrapper(*args, **kwargs):\n        try:\n            log.i('--> %s' % func.__qualname__)\n            return func(*args, **kwargs)\n        except requests.ConnectionError:\n            print(\"ConnectionError\")\n            reset_driver()\n            func(*args, **kwargs)\n        except Exception as e:\n            log.e('\\t<-- %s, %s, %s', func.__qualname__, 'Exception', e)\n>           raise Exception(e)\nE           Exception: click_my_tab() missing 1 required positional argument: 'self'\n\ncommon/decorator.py:90: Exception\n\nDuring handling of the above exception, another exception occurred:\n\nargs = (<test_01_mine.TestMine object at 0x7ff44bd04cd0>,), kwargs = {}\ngif_name = '/Users/jike/PycharmProjects/pythonProject/TestReport/iPhoneX_cea307eb34fb7a0ebc2b6402e62de9bdb55cebfa/1656059305372.gif'\nf = <_io.BufferedReader name='/Users/jike/PycharmProjects/pythonProject/TestReport/iPhoneX_cea307eb34fb7a0ebc2b6402e62de9bdb55cebfa/1656059305372.gif'>\nfile = b'GIF89ae\\x04\\x84\\t\\x87\\x00\\x00\\xff\\xff\\xff\\xff\\xff\\xf4\\xf6\\xff\\xfe\\xff\\xfe\\xff\\xfe\\xfe\\xff\\xfe\\xfe\\xfe\\xff\\xfe\\xfd\\xf...\\xd6\\xaa\\xad\\xde*\\xae\\xe6\\xaa\\xae\\xee*\\xaf\\xf6\\xaa\\xaf\\xfe*\\xb0\\x06\\xab\\xb0\\x0e+\\xb1\\x16\\xab\\xb1\\x1e+\\xb1\\x06\\x04\\x00;'\n\n    @wraps(func)\n    def wrapper(*args, **kwargs):\n        try:\n            log.d('\\n--> %s', func.__qualname__)\n            ret = func(*args, **kwargs)\n            log.d('<-- %s, %s', func.__qualname__, 'Success')\n            return ret\n        except wda.WDAElementNotFoundError:\n            print(\"WDAElementNotFoundError\")\n            log.d('\\n--> %s', func.__qualname__)\n            ret = func(*args, **kwargs)\n            log.d('<-- %s, %s', func.__qualname__, 'Success')\n            return ret\n        except Exception as e:\n            log.e('<-- %s, %s, %s\\n', func.__qualname__, 'Exception', e)\n>           raise Exception(e)\nE           Exception: click_my_tab() missing 1 required positional argument: 'self'\n\ncommon/decorator.py:115: Exception","steps":[],"attachments":[{"uid":"e2cce9b638ecd6f8","name":"init.click_my_tab-20220624162824.PNG","source":"e2cce9b638ecd6f8.png","type":"image/png","size":2050274},{"uid":"f46b474a427f4e64","name":"case.gif","source":"f46b474a427f4e64.gif","type":"image/gif","size":796961},{"uid":"eaa20dece0bf85","name":"log","source":"eaa20dece0bf85.txt","type":"text/plain","size":367}],"parameters":[],"stepsCount":0,"attachmentsCount":3,"shouldDisplayMessage":true,"hasContent":true},"afterStages":[{"name":"xunit_setup_class_fixture_TestMine::0","time":{"start":1656059305871,"stop":1656059305871,"duration":0},"status":"passed","steps":[],"attachments":[],"parameters":[],"stepsCount":0,"attachmentsCount":0,"shouldDisplayMessage":false,"hasContent":false}],"labels":[{"name":"tag","value":"jw"},{"name":"parentSuite","value":"tests"},{"name":"suite","value":"test_01_mine"},{"name":"subSuite","value":"TestMine"},{"name":"host","value":"jikedeMBP-4"},{"name":"thread","value":"32400-MainThread"},{"name":"framework","value":"pytest"},{"name":"language","value":"cpython3"},{"name":"package","value":"tests.test_01_mine"},{"name":"resultFormat","value":"allure2"}],"parameters":[],"links":[],"hidden":true,"retry":true,"extra":{"categories":[],"tags":["jw"]},"source":"2204ff28b3487d09.json","parameterValues":[]}