{"uid":"4792e8d5b5b09c45","name":"test_00_check_agreement","fullName":"tests.test_00_login.TestLogin#test_00_check_agreement","historyId":"8c15465122ca0a416bbfd520393b8926","time":{"start":1656057337840,"stop":1656057345763,"duration":7923},"description":"检查登录页协议更新弹窗","descriptionHtml":"<p>检查登录页协议更新弹窗</p>\n","status":"broken","statusMessage":"Exception: ('element not found', 'timeout 5.0')","statusTrace":"args = (<pageObject.login.Login object at 0x7fbb75648190>,), kwargs = {}\n\n    @wraps(func)\n    def wrapper(*args, **kwargs):\n        try:\n            log.i('--> %s' % func.__qualname__)\n>           return func(*args, **kwargs)\n\ncommon/decorator.py:83: \n_ _ _ _ _ _ _ _ _ _ _ _ _ _ _ _ _ _ _ _ _ _ _ _ _ _ _ _ _ _ _ _ _ _ _ _ _ _ _ _ \n\nself = <pageObject.login.Login object at 0x7fbb75648190>\n\n    @allure.step(\"检查登录协议更新弹窗\")\n    @step\n    def check_agreement_update_popup_window(self):\n        # 检查登录页协议更新弹窗\n        log.i(\"检查登录页协议更新弹窗\")\n>       assert self.s(text=\"点击查看《用户协议》，《隐私协议》。\",className='XCUIElementTypeStaticText').get(timeout=5)\n\npageObject/login.py:18: \n_ _ _ _ _ _ _ _ _ _ _ _ _ _ _ _ _ _ _ _ _ _ _ _ _ _ _ _ _ _ _ _ _ _ _ _ _ _ _ _ \n\nself = <wda.Selector object at 0x7fbb7587c850>, timeout = 5, raise_error = True\n\n    def get(self, timeout=None, raise_error=True):\n        \"\"\"\n        Args:\n            timeout (float): timeout for query element, unit seconds\n                Default 10s\n            raise_error (bool): whether to raise error if element not found\n    \n        Returns:\n            Element: UI Element\n    \n        Raises:\n            WDAElementNotFoundError if raise_error is True else None\n        \"\"\"\n        start_time = time.time()\n        if timeout is None:\n            timeout = self._timeout\n        while True:\n            elems = self.find_elements()\n            if len(elems) > 0:\n                return elems[0]\n            if start_time + timeout < time.time():\n                break\n            time.sleep(0.5)\n    \n        if raise_error:\n>           raise WDAElementNotFoundError(\"element not found\",\n                                          \"timeout %.1f\" % timeout)\nE           wda.exceptions.WDAElementNotFoundError: ('element not found', 'timeout 5.0')\n\nvenv/lib/python3.9/site-packages/wda/__init__.py:1513: WDAElementNotFoundError\n\nDuring handling of the above exception, another exception occurred:\n\nargs = (<test_00_login.TestLogin object at 0x7fbb75648670>,), kwargs = {}\ngif_name = '/Users/jike/PycharmProjects/pythonProject/TestReport/iPhoneX_cea307eb34fb7a0ebc2b6402e62de9bdb55cebfa/1656057344957.gif'\nf = <_io.BufferedReader name='/Users/jike/PycharmProjects/pythonProject/TestReport/iPhoneX_cea307eb34fb7a0ebc2b6402e62de9bdb55cebfa/1656057344957.gif'>\nfile = b'GIF89ae\\x04\\x84\\t\\x87\\x00\\x00\\xff\\xff\\xff\\xff\\xff\\xfd\\xff\\xff\\xf3\\xff\\xfd\\xff\\xff\\xfd\\xf8\\xff\\xea\\x82\\xff\\xcd\\x10\\xf...4\\xf1\\xe0dN\\x0e\\xcfN\\xf2\\xe4\\xef\\xf8\\xe4O\\xf2NP\\n%\\xee\\x10eQ\\xd2\\xceQ\"%\\xec(\\xe5R\\xb2NS:%\\xea@eT\\x92N\\x02\\x04\\x04\\x00;'\n\n    @wraps(func)\n    def wrapper(*args, **kwargs):\n        try:\n            log.d('\\n--> %s', func.__qualname__)\n>           ret = func(*args, **kwargs)\n\ncommon/decorator.py:104: \n_ _ _ _ _ _ _ _ _ _ _ _ _ _ _ _ _ _ _ _ _ _ _ _ _ _ _ _ _ _ _ _ _ _ _ _ _ _ _ _ \n\nself = <test_00_login.TestLogin object at 0x7fbb75648670>\n\n    @allure.description(\"检查登录页协议更新弹窗\")\n    @case\n    def test_00_check_agreement(self):\n>       login.check_agreement()\n\ntests/test_00_login.py:28: \n_ _ _ _ _ _ _ _ _ _ _ _ _ _ _ _ _ _ _ _ _ _ _ _ _ _ _ _ _ _ _ _ _ _ _ _ _ _ _ _ \n\n    def check_agreement():\n>       page.check_agreement_update_popup_window()\n\npageObject/login.py:142: \n_ _ _ _ _ _ _ _ _ _ _ _ _ _ _ _ _ _ _ _ _ _ _ _ _ _ _ _ _ _ _ _ _ _ _ _ _ _ _ _ \n\na = (<pageObject.login.Login object at 0x7fbb75648190>,), kw = {}\n__tracebackhide__ = True\nparams = OrderedDict([('args', '(<pageObject.login.Login object at 0x7fbb75648190>,)')])\nargs = ['<pageObject.login.Login object at 0x7fbb75648190>']\n\n    @wraps(func)\n    def impl(*a, **kw):\n        __tracebackhide__ = True\n        params = func_parameters(func, *a, **kw)\n        args = list(map(lambda x: represent(x), a))\n        with StepContext(self.title.format(*args, **params), params):\n>           return func(*a, **kw)\n\nvenv/lib/python3.9/site-packages/allure_commons/_allure.py:172: \n_ _ _ _ _ _ _ _ _ _ _ _ _ _ _ _ _ _ _ _ _ _ _ _ _ _ _ _ _ _ _ _ _ _ _ _ _ _ _ _ \n\nargs = (<pageObject.login.Login object at 0x7fbb75648190>,), kwargs = {}\n\n    @wraps(func)\n    def wrapper(*args, **kwargs):\n        try:\n            log.i('--> %s' % func.__qualname__)\n            return func(*args, **kwargs)\n        except requests.ConnectionError:\n            print(\"ConnectionError\")\n            reset_driver()\n            func(*args, **kwargs)\n        except Exception as e:\n            log.e('\\t<-- %s, %s, %s', func.__qualname__, 'Exception', e)\n>           raise Exception(e)\nE           Exception: ('element not found', 'timeout 5.0')\n\ncommon/decorator.py:90: Exception\n\nDuring handling of the above exception, another exception occurred:\n\nargs = (<test_00_login.TestLogin object at 0x7fbb75648670>,), kwargs = {}\ngif_name = '/Users/jike/PycharmProjects/pythonProject/TestReport/iPhoneX_cea307eb34fb7a0ebc2b6402e62de9bdb55cebfa/1656057344957.gif'\nf = <_io.BufferedReader name='/Users/jike/PycharmProjects/pythonProject/TestReport/iPhoneX_cea307eb34fb7a0ebc2b6402e62de9bdb55cebfa/1656057344957.gif'>\nfile = b'GIF89ae\\x04\\x84\\t\\x87\\x00\\x00\\xff\\xff\\xff\\xff\\xff\\xfd\\xff\\xff\\xf3\\xff\\xfd\\xff\\xff\\xfd\\xf8\\xff\\xea\\x82\\xff\\xcd\\x10\\xf...4\\xf1\\xe0dN\\x0e\\xcfN\\xf2\\xe4\\xef\\xf8\\xe4O\\xf2NP\\n%\\xee\\x10eQ\\xd2\\xceQ\"%\\xec(\\xe5R\\xb2NS:%\\xea@eT\\x92N\\x02\\x04\\x04\\x00;'\n\n    @wraps(func)\n    def wrapper(*args, **kwargs):\n        try:\n            log.d('\\n--> %s', func.__qualname__)\n            ret = func(*args, **kwargs)\n            log.d('<-- %s, %s', func.__qualname__, 'Success')\n            return ret\n        except wda.WDAElementNotFoundError:\n            print(\"WDAElementNotFoundError\")\n            log.d('\\n--> %s', func.__qualname__)\n            ret = func(*args, **kwargs)\n            log.d('<-- %s, %s', func.__qualname__, 'Success')\n            return ret\n        except Exception as e:\n            log.e('<-- %s, %s, %s\\n', func.__qualname__, 'Exception', e)\n>           raise Exception(e)\nE           Exception: ('element not found', 'timeout 5.0')\n\ncommon/decorator.py:115: Exception","flaky":false,"newFailed":false,"newBroken":false,"newPassed":false,"retriesCount":0,"retriesStatusChange":false,"beforeStages":[{"name":"xunit_setup_method_fixture_TestLogin","time":{"start":1656057334413,"stop":1656057337838,"duration":3425},"status":"passed","steps":[],"attachments":[{"uid":"b477d570298b297f","name":"init.activate_app-20220624155535.PNG","source":"b477d570298b297f.png","type":"image/png","size":491543},{"uid":"50e3d119cced3a76","name":"init.check_login_status-20220624155537.PNG","source":"50e3d119cced3a76.png","type":"image/png","size":491543}],"parameters":[],"stepsCount":0,"attachmentsCount":2,"shouldDisplayMessage":false,"hasContent":true}],"testStage":{"description":"检查登录页协议更新弹窗","status":"broken","statusMessage":"Exception: ('element not found', 'timeout 5.0')","statusTrace":"args = (<pageObject.login.Login object at 0x7fbb75648190>,), kwargs = {}\n\n    @wraps(func)\n    def wrapper(*args, **kwargs):\n        try:\n            log.i('--> %s' % func.__qualname__)\n>           return func(*args, **kwargs)\n\ncommon/decorator.py:83: \n_ _ _ _ _ _ _ _ _ _ _ _ _ _ _ _ _ _ _ _ _ _ _ _ _ _ _ _ _ _ _ _ _ _ _ _ _ _ _ _ \n\nself = <pageObject.login.Login object at 0x7fbb75648190>\n\n    @allure.step(\"检查登录协议更新弹窗\")\n    @step\n    def check_agreement_update_popup_window(self):\n        # 检查登录页协议更新弹窗\n        log.i(\"检查登录页协议更新弹窗\")\n>       assert self.s(text=\"点击查看《用户协议》，《隐私协议》。\",className='XCUIElementTypeStaticText').get(timeout=5)\n\npageObject/login.py:18: \n_ _ _ _ _ _ _ _ _ _ _ _ _ _ _ _ _ _ _ _ _ _ _ _ _ _ _ _ _ _ _ _ _ _ _ _ _ _ _ _ \n\nself = <wda.Selector object at 0x7fbb7587c850>, timeout = 5, raise_error = True\n\n    def get(self, timeout=None, raise_error=True):\n        \"\"\"\n        Args:\n            timeout (float): timeout for query element, unit seconds\n                Default 10s\n            raise_error (bool): whether to raise error if element not found\n    \n        Returns:\n            Element: UI Element\n    \n        Raises:\n            WDAElementNotFoundError if raise_error is True else None\n        \"\"\"\n        start_time = time.time()\n        if timeout is None:\n            timeout = self._timeout\n        while True:\n            elems = self.find_elements()\n            if len(elems) > 0:\n                return elems[0]\n            if start_time + timeout < time.time():\n                break\n            time.sleep(0.5)\n    \n        if raise_error:\n>           raise WDAElementNotFoundError(\"element not found\",\n                                          \"timeout %.1f\" % timeout)\nE           wda.exceptions.WDAElementNotFoundError: ('element not found', 'timeout 5.0')\n\nvenv/lib/python3.9/site-packages/wda/__init__.py:1513: WDAElementNotFoundError\n\nDuring handling of the above exception, another exception occurred:\n\nargs = (<test_00_login.TestLogin object at 0x7fbb75648670>,), kwargs = {}\ngif_name = '/Users/jike/PycharmProjects/pythonProject/TestReport/iPhoneX_cea307eb34fb7a0ebc2b6402e62de9bdb55cebfa/1656057344957.gif'\nf = <_io.BufferedReader name='/Users/jike/PycharmProjects/pythonProject/TestReport/iPhoneX_cea307eb34fb7a0ebc2b6402e62de9bdb55cebfa/1656057344957.gif'>\nfile = b'GIF89ae\\x04\\x84\\t\\x87\\x00\\x00\\xff\\xff\\xff\\xff\\xff\\xfd\\xff\\xff\\xf3\\xff\\xfd\\xff\\xff\\xfd\\xf8\\xff\\xea\\x82\\xff\\xcd\\x10\\xf...4\\xf1\\xe0dN\\x0e\\xcfN\\xf2\\xe4\\xef\\xf8\\xe4O\\xf2NP\\n%\\xee\\x10eQ\\xd2\\xceQ\"%\\xec(\\xe5R\\xb2NS:%\\xea@eT\\x92N\\x02\\x04\\x04\\x00;'\n\n    @wraps(func)\n    def wrapper(*args, **kwargs):\n        try:\n            log.d('\\n--> %s', func.__qualname__)\n>           ret = func(*args, **kwargs)\n\ncommon/decorator.py:104: \n_ _ _ _ _ _ _ _ _ _ _ _ _ _ _ _ _ _ _ _ _ _ _ _ _ _ _ _ _ _ _ _ _ _ _ _ _ _ _ _ \n\nself = <test_00_login.TestLogin object at 0x7fbb75648670>\n\n    @allure.description(\"检查登录页协议更新弹窗\")\n    @case\n    def test_00_check_agreement(self):\n>       login.check_agreement()\n\ntests/test_00_login.py:28: \n_ _ _ _ _ _ _ _ _ _ _ _ _ _ _ _ _ _ _ _ _ _ _ _ _ _ _ _ _ _ _ _ _ _ _ _ _ _ _ _ \n\n    def check_agreement():\n>       page.check_agreement_update_popup_window()\n\npageObject/login.py:142: \n_ _ _ _ _ _ _ _ _ _ _ _ _ _ _ _ _ _ _ _ _ _ _ _ _ _ _ _ _ _ _ _ _ _ _ _ _ _ _ _ \n\na = (<pageObject.login.Login object at 0x7fbb75648190>,), kw = {}\n__tracebackhide__ = True\nparams = OrderedDict([('args', '(<pageObject.login.Login object at 0x7fbb75648190>,)')])\nargs = ['<pageObject.login.Login object at 0x7fbb75648190>']\n\n    @wraps(func)\n    def impl(*a, **kw):\n        __tracebackhide__ = True\n        params = func_parameters(func, *a, **kw)\n        args = list(map(lambda x: represent(x), a))\n        with StepContext(self.title.format(*args, **params), params):\n>           return func(*a, **kw)\n\nvenv/lib/python3.9/site-packages/allure_commons/_allure.py:172: \n_ _ _ _ _ _ _ _ _ _ _ _ _ _ _ _ _ _ _ _ _ _ _ _ _ _ _ _ _ _ _ _ _ _ _ _ _ _ _ _ \n\nargs = (<pageObject.login.Login object at 0x7fbb75648190>,), kwargs = {}\n\n    @wraps(func)\n    def wrapper(*args, **kwargs):\n        try:\n            log.i('--> %s' % func.__qualname__)\n            return func(*args, **kwargs)\n        except requests.ConnectionError:\n            print(\"ConnectionError\")\n            reset_driver()\n            func(*args, **kwargs)\n        except Exception as e:\n            log.e('\\t<-- %s, %s, %s', func.__qualname__, 'Exception', e)\n>           raise Exception(e)\nE           Exception: ('element not found', 'timeout 5.0')\n\ncommon/decorator.py:90: Exception\n\nDuring handling of the above exception, another exception occurred:\n\nargs = (<test_00_login.TestLogin object at 0x7fbb75648670>,), kwargs = {}\ngif_name = '/Users/jike/PycharmProjects/pythonProject/TestReport/iPhoneX_cea307eb34fb7a0ebc2b6402e62de9bdb55cebfa/1656057344957.gif'\nf = <_io.BufferedReader name='/Users/jike/PycharmProjects/pythonProject/TestReport/iPhoneX_cea307eb34fb7a0ebc2b6402e62de9bdb55cebfa/1656057344957.gif'>\nfile = b'GIF89ae\\x04\\x84\\t\\x87\\x00\\x00\\xff\\xff\\xff\\xff\\xff\\xfd\\xff\\xff\\xf3\\xff\\xfd\\xff\\xff\\xfd\\xf8\\xff\\xea\\x82\\xff\\xcd\\x10\\xf...4\\xf1\\xe0dN\\x0e\\xcfN\\xf2\\xe4\\xef\\xf8\\xe4O\\xf2NP\\n%\\xee\\x10eQ\\xd2\\xceQ\"%\\xec(\\xe5R\\xb2NS:%\\xea@eT\\x92N\\x02\\x04\\x04\\x00;'\n\n    @wraps(func)\n    def wrapper(*args, **kwargs):\n        try:\n            log.d('\\n--> %s', func.__qualname__)\n            ret = func(*args, **kwargs)\n            log.d('<-- %s, %s', func.__qualname__, 'Success')\n            return ret\n        except wda.WDAElementNotFoundError:\n            print(\"WDAElementNotFoundError\")\n            log.d('\\n--> %s', func.__qualname__)\n            ret = func(*args, **kwargs)\n            log.d('<-- %s, %s', func.__qualname__, 'Success')\n            return ret\n        except Exception as e:\n            log.e('<-- %s, %s, %s\\n', func.__qualname__, 'Exception', e)\n>           raise Exception(e)\nE           Exception: ('element not found', 'timeout 5.0')\n\ncommon/decorator.py:115: Exception","steps":[{"name":"检查登录协议更新弹窗","time":{"start":1656057337840,"stop":1656057344694,"duration":6854},"status":"broken","statusMessage":"Exception: ('element not found', 'timeout 5.0')\n","statusTrace":"  File \"/Users/jike/PycharmProjects/pythonProject/venv/lib/python3.9/site-packages/allure_commons/_allure.py\", line 172, in impl\n    return func(*a, **kw)\n  File \"/Users/jike/PycharmProjects/pythonProject/common/decorator.py\", line 90, in wrapper\n    raise Exception(e)\n","steps":[],"attachments":[{"uid":"ce0c6baa517df4c4","name":"Login.check_agreement_update_popup_window-20220624155544.PNG","source":"ce0c6baa517df4c4.png","type":"image/png","size":491543}],"parameters":[{"name":"args","value":"(<pageObject.login.Login object at 0x7fbb75648190>,)"}],"stepsCount":0,"attachmentsCount":1,"shouldDisplayMessage":true,"hasContent":true}],"attachments":[{"uid":"81c78d2eb38bfcff","name":"case.gif","source":"81c78d2eb38bfcff.gif","type":"image/gif","size":498111},{"uid":"fefdc4ea0d9b4760","name":"log","source":"fefdc4ea0d9b4760.txt","type":"text/plain","size":717}],"parameters":[],"stepsCount":1,"attachmentsCount":3,"shouldDisplayMessage":true,"hasContent":true},"afterStages":[{"name":"xunit_setup_method_fixture_TestLogin::0","time":{"start":1656057345917,"stop":1656057345921,"duration":4},"status":"broken","statusMessage":"TypeError: stop_app() missing 1 required positional argument: 'pkg_name'\n","statusTrace":"  File \"/Users/jike/PycharmProjects/pythonProject/venv/lib/python3.9/site-packages/allure_commons/_allure.py\", line 200, in __call__\n    return self._fixture_function(*args, **kwargs)\n  File \"/Users/jike/PycharmProjects/pythonProject/venv/lib/python3.9/site-packages/_pytest/fixtures.py\", line 941, in _teardown_yield_fixture\n    next(it)\n  File \"/Users/jike/PycharmProjects/pythonProject/venv/lib/python3.9/site-packages/_pytest/python.py\", line 845, in xunit_setup_method_fixture\n    _call_with_optional_argument(func, method)\n  File \"/Users/jike/PycharmProjects/pythonProject/venv/lib/python3.9/site-packages/_pytest/python.py\", line 741, in _call_with_optional_argument\n    func()\n  File \"/Users/jike/PycharmProjects/pythonProject/tests/test_00_login.py\", line 23, in teardown_method\n    init().stop_app()\n","steps":[],"attachments":[],"parameters":[],"stepsCount":0,"attachmentsCount":0,"shouldDisplayMessage":true,"hasContent":true}],"labels":[{"name":"feature","value":"登录"},{"name":"tag","value":"jw"},{"name":"parentSuite","value":"tests"},{"name":"suite","value":"test_00_login"},{"name":"subSuite","value":"TestLogin"},{"name":"host","value":"jikedeMBP-4"},{"name":"thread","value":"30743-MainThread"},{"name":"framework","value":"pytest"},{"name":"language","value":"cpython3"},{"name":"package","value":"tests.test_00_login"},{"name":"resultFormat","value":"allure2"}],"parameters":[],"links":[],"hidden":true,"retry":true,"extra":{"categories":[],"tags":["jw"]},"source":"4792e8d5b5b09c45.json","parameterValues":[]}