{"uid":"e9f7e09d06bb7f91","name":"test_00_check_agreement","fullName":"tests.test_00_login.TestLogin#test_00_check_agreement","historyId":"8c15465122ca0a416bbfd520393b8926","time":{"start":1656044183747,"stop":1656044183747,"duration":0},"description":"检查登录页协议更新弹窗","descriptionHtml":"<p>检查登录页协议更新弹窗</p>\n","status":"broken","statusMessage":"Exception: activate_app() missing 1 required positional argument: 'self'","statusTrace":"args = (), kwargs = {}\n\n    @wraps(func)\n    def wrapper(*args, **kwargs):\n        try:\n            log.i('--> %s' % func.__qualname__)\n>           return func(*args, **kwargs)\nE           TypeError: activate_app() missing 1 required positional argument: 'self'\n\ncommon/decorator.py:83: TypeError\n\nDuring handling of the above exception, another exception occurred:\n\ncls = <class 'test_00_login.TestLogin'>\n\n    @classmethod\n    def setup_class(cls):\n>       init.activate_app()\n\ntests/test_00_login.py:16: \n_ _ _ _ _ _ _ _ _ _ _ _ _ _ _ _ _ _ _ _ _ _ _ _ _ _ _ _ _ _ _ _ _ _ _ _ _ _ _ _ \n\nargs = (), kwargs = {}\n\n    @wraps(func)\n    def wrapper(*args, **kwargs):\n        try:\n            log.i('--> %s' % func.__qualname__)\n            return func(*args, **kwargs)\n        except requests.ConnectionError:\n            print(\"ConnectionError\")\n            reset_driver()\n            func(*args, **kwargs)\n        except Exception as e:\n            log.e('\\t<-- %s, %s, %s', func.__qualname__, 'Exception', e)\n>           raise Exception(e)\nE           Exception: activate_app() missing 1 required positional argument: 'self'\n\ncommon/decorator.py:90: Exception","flaky":false,"newFailed":false,"newBroken":false,"newPassed":false,"retriesCount":0,"retriesStatusChange":false,"beforeStages":[{"name":"xunit_setup_class_fixture_TestLogin","time":{"start":1656044183747,"stop":1656044185462,"duration":1715},"status":"broken","statusMessage":"Exception: activate_app() missing 1 required positional argument: 'self'\n","statusTrace":"  File \"/Users/jike/PycharmProjects/pythonProject/venv/lib/python3.9/site-packages/pluggy/_callers.py\", line 39, in _multicall\n    res = hook_impl.function(*args)\n  File \"/Users/jike/PycharmProjects/pythonProject/venv/lib/python3.9/site-packages/_pytest/fixtures.py\", line 1126, in pytest_fixture_setup\n    result = call_fixture_func(fixturefunc, request, kwargs)\n  File \"/Users/jike/PycharmProjects/pythonProject/venv/lib/python3.9/site-packages/_pytest/fixtures.py\", line 925, in call_fixture_func\n    fixture_result = next(generator)\n  File \"/Users/jike/PycharmProjects/pythonProject/venv/lib/python3.9/site-packages/_pytest/python.py\", line 811, in xunit_setup_class_fixture\n    _call_with_optional_argument(func, self.obj)\n  File \"/Users/jike/PycharmProjects/pythonProject/venv/lib/python3.9/site-packages/_pytest/python.py\", line 739, in _call_with_optional_argument\n    func(arg)\n  File \"/Users/jike/PycharmProjects/pythonProject/tests/test_00_login.py\", line 16, in setup_class\n    init.activate_app()\n  File \"/Users/jike/PycharmProjects/pythonProject/common/decorator.py\", line 90, in wrapper\n    raise Exception(e)\n","steps":[],"attachments":[{"uid":"a08af762fadc3b8a","name":"init.activate_app-20220624121624.PNG","source":"a08af762fadc3b8a.png","type":"image/png","size":558373}],"parameters":[],"stepsCount":0,"attachmentsCount":1,"shouldDisplayMessage":true,"hasContent":true}],"testStage":{"description":"检查登录页协议更新弹窗","status":"broken","statusMessage":"Exception: activate_app() missing 1 required positional argument: 'self'","statusTrace":"args = (), kwargs = {}\n\n    @wraps(func)\n    def wrapper(*args, **kwargs):\n        try:\n            log.i('--> %s' % func.__qualname__)\n>           return func(*args, **kwargs)\nE           TypeError: activate_app() missing 1 required positional argument: 'self'\n\ncommon/decorator.py:83: TypeError\n\nDuring handling of the above exception, another exception occurred:\n\ncls = <class 'test_00_login.TestLogin'>\n\n    @classmethod\n    def setup_class(cls):\n>       init.activate_app()\n\ntests/test_00_login.py:16: \n_ _ _ _ _ _ _ _ _ _ _ _ _ _ _ _ _ _ _ _ _ _ _ _ _ _ _ _ _ _ _ _ _ _ _ _ _ _ _ _ \n\nargs = (), kwargs = {}\n\n    @wraps(func)\n    def wrapper(*args, **kwargs):\n        try:\n            log.i('--> %s' % func.__qualname__)\n            return func(*args, **kwargs)\n        except requests.ConnectionError:\n            print(\"ConnectionError\")\n            reset_driver()\n            func(*args, **kwargs)\n        except Exception as e:\n            log.e('\\t<-- %s, %s, %s', func.__qualname__, 'Exception', e)\n>           raise Exception(e)\nE           Exception: activate_app() missing 1 required positional argument: 'self'\n\ncommon/decorator.py:90: Exception","steps":[],"attachments":[{"uid":"1259e54c70bc671a","name":"log","source":"1259e54c70bc671a.txt","type":"text/plain","size":164}],"parameters":[],"stepsCount":0,"attachmentsCount":1,"shouldDisplayMessage":true,"hasContent":true},"afterStages":[],"labels":[{"name":"feature","value":"登录"},{"name":"tag","value":"jw"},{"name":"parentSuite","value":"tests"},{"name":"suite","value":"test_00_login"},{"name":"subSuite","value":"TestLogin"},{"name":"host","value":"jikedeMBP-4"},{"name":"thread","value":"25022-MainThread"},{"name":"framework","value":"pytest"},{"name":"language","value":"cpython3"},{"name":"package","value":"tests.test_00_login"},{"name":"resultFormat","value":"allure2"}],"parameters":[],"links":[],"hidden":true,"retry":true,"extra":{"categories":[],"tags":["jw"]},"source":"e9f7e09d06bb7f91.json","parameterValues":[]}