{"uid":"f92d73e9e98d1f34","name":"test_00_check_agreement","fullName":"tests.test_00_login.TestLogin#test_00_check_agreement","historyId":"8c15465122ca0a416bbfd520393b8926","time":{"start":1656057180125,"stop":1656057187670,"duration":7545},"description":"检查登录页协议更新弹窗","descriptionHtml":"<p>检查登录页协议更新弹窗</p>\n","status":"broken","statusMessage":"Exception: ('element not found', 'timeout 5.0')","statusTrace":"args = (<pageObject.login.Login object at 0x7fb7d46407c0>,), kwargs = {}\n\n    @wraps(func)\n    def wrapper(*args, **kwargs):\n        try:\n            log.i('--> %s' % func.__qualname__)\n>           return func(*args, **kwargs)\n\ncommon/decorator.py:83: \n_ _ _ _ _ _ _ _ _ _ _ _ _ _ _ _ _ _ _ _ _ _ _ _ _ _ _ _ _ _ _ _ _ _ _ _ _ _ _ _ \n\nself = <pageObject.login.Login object at 0x7fb7d46407c0>\n\n    @allure.step(\"检查登录协议更新弹窗\")\n    @step\n    def check_agreement_update_popup_window(self):\n        # 检查登录页协议更新弹窗\n        log.i(\"检查登录页协议更新弹窗\")\n>       assert self.s(text=\"点击查看《用户协议》，《隐私协议》。\",className='XCUIElementTypeStaticText').get(timeout=5)\n\npageObject/login.py:18: \n_ _ _ _ _ _ _ _ _ _ _ _ _ _ _ _ _ _ _ _ _ _ _ _ _ _ _ _ _ _ _ _ _ _ _ _ _ _ _ _ \n\nself = <wda.Selector object at 0x7fb7d47cc1f0>, timeout = 5, raise_error = True\n\n    def get(self, timeout=None, raise_error=True):\n        \"\"\"\n        Args:\n            timeout (float): timeout for query element, unit seconds\n                Default 10s\n            raise_error (bool): whether to raise error if element not found\n    \n        Returns:\n            Element: UI Element\n    \n        Raises:\n            WDAElementNotFoundError if raise_error is True else None\n        \"\"\"\n        start_time = time.time()\n        if timeout is None:\n            timeout = self._timeout\n        while True:\n            elems = self.find_elements()\n            if len(elems) > 0:\n                return elems[0]\n            if start_time + timeout < time.time():\n                break\n            time.sleep(0.5)\n    \n        if raise_error:\n>           raise WDAElementNotFoundError(\"element not found\",\n                                          \"timeout %.1f\" % timeout)\nE           wda.exceptions.WDAElementNotFoundError: ('element not found', 'timeout 5.0')\n\nvenv/lib/python3.9/site-packages/wda/__init__.py:1513: WDAElementNotFoundError\n\nDuring handling of the above exception, another exception occurred:\n\nargs = (<test_00_login.TestLogin object at 0x7fb7d464d3d0>,), kwargs = {}\ngif_name = '/Users/jike/PycharmProjects/pythonProject/TestReport/iPhoneX_cea307eb34fb7a0ebc2b6402e62de9bdb55cebfa/1656057186917.gif'\nf = <_io.BufferedReader name='/Users/jike/PycharmProjects/pythonProject/TestReport/iPhoneX_cea307eb34fb7a0ebc2b6402e62de9bdb55cebfa/1656057186917.gif'>\nfile = b'GIF89ae\\x04\\x84\\t\\x87\\x00\\x00\\xff\\xff\\xff\\xff\\xfe\\xff\\xff\\xff\\xfd\\xff\\xfe\\xf9\\xff\\xfe\\xf3\\xff\\xfe\\xec\\xff\\xfd\\xf0\\xf...\\xbf\\xee\\xfb\\xea\\xb6?N{\\xef\\xa2\\'\\x8f\\xfa\\xed\\xae\\x97N|\\xeet\\x87\\xec|\\xeb\\xb0//\\xfb\\xb8\\xd9k\\xbf=\\xf7\\xb4\\x05\\x04\\x00;'\n\n    @wraps(func)\n    def wrapper(*args, **kwargs):\n        try:\n            log.d('\\n--> %s', func.__qualname__)\n>           ret = func(*args, **kwargs)\n\ncommon/decorator.py:104: \n_ _ _ _ _ _ _ _ _ _ _ _ _ _ _ _ _ _ _ _ _ _ _ _ _ _ _ _ _ _ _ _ _ _ _ _ _ _ _ _ \n\nself = <test_00_login.TestLogin object at 0x7fb7d464d3d0>\n\n    @allure.description(\"检查登录页协议更新弹窗\")\n    @case\n    def test_00_check_agreement(self):\n>       login.check_agreement()\n\ntests/test_00_login.py:28: \n_ _ _ _ _ _ _ _ _ _ _ _ _ _ _ _ _ _ _ _ _ _ _ _ _ _ _ _ _ _ _ _ _ _ _ _ _ _ _ _ \n\n    def check_agreement():\n>       page.check_agreement_update_popup_window()\n\npageObject/login.py:142: \n_ _ _ _ _ _ _ _ _ _ _ _ _ _ _ _ _ _ _ _ _ _ _ _ _ _ _ _ _ _ _ _ _ _ _ _ _ _ _ _ \n\na = (<pageObject.login.Login object at 0x7fb7d46407c0>,), kw = {}\n__tracebackhide__ = True\nparams = OrderedDict([('args', '(<pageObject.login.Login object at 0x7fb7d46407c0>,)')])\nargs = ['<pageObject.login.Login object at 0x7fb7d46407c0>']\n\n    @wraps(func)\n    def impl(*a, **kw):\n        __tracebackhide__ = True\n        params = func_parameters(func, *a, **kw)\n        args = list(map(lambda x: represent(x), a))\n        with StepContext(self.title.format(*args, **params), params):\n>           return func(*a, **kw)\n\nvenv/lib/python3.9/site-packages/allure_commons/_allure.py:172: \n_ _ _ _ _ _ _ _ _ _ _ _ _ _ _ _ _ _ _ _ _ _ _ _ _ _ _ _ _ _ _ _ _ _ _ _ _ _ _ _ \n\nargs = (<pageObject.login.Login object at 0x7fb7d46407c0>,), kwargs = {}\n\n    @wraps(func)\n    def wrapper(*args, **kwargs):\n        try:\n            log.i('--> %s' % func.__qualname__)\n            return func(*args, **kwargs)\n        except requests.ConnectionError:\n            print(\"ConnectionError\")\n            reset_driver()\n            func(*args, **kwargs)\n        except Exception as e:\n            log.e('\\t<-- %s, %s, %s', func.__qualname__, 'Exception', e)\n>           raise Exception(e)\nE           Exception: ('element not found', 'timeout 5.0')\n\ncommon/decorator.py:90: Exception\n\nDuring handling of the above exception, another exception occurred:\n\nargs = (<test_00_login.TestLogin object at 0x7fb7d464d3d0>,), kwargs = {}\ngif_name = '/Users/jike/PycharmProjects/pythonProject/TestReport/iPhoneX_cea307eb34fb7a0ebc2b6402e62de9bdb55cebfa/1656057186917.gif'\nf = <_io.BufferedReader name='/Users/jike/PycharmProjects/pythonProject/TestReport/iPhoneX_cea307eb34fb7a0ebc2b6402e62de9bdb55cebfa/1656057186917.gif'>\nfile = b'GIF89ae\\x04\\x84\\t\\x87\\x00\\x00\\xff\\xff\\xff\\xff\\xfe\\xff\\xff\\xff\\xfd\\xff\\xfe\\xf9\\xff\\xfe\\xf3\\xff\\xfe\\xec\\xff\\xfd\\xf0\\xf...\\xbf\\xee\\xfb\\xea\\xb6?N{\\xef\\xa2\\'\\x8f\\xfa\\xed\\xae\\x97N|\\xeet\\x87\\xec|\\xeb\\xb0//\\xfb\\xb8\\xd9k\\xbf=\\xf7\\xb4\\x05\\x04\\x00;'\n\n    @wraps(func)\n    def wrapper(*args, **kwargs):\n        try:\n            log.d('\\n--> %s', func.__qualname__)\n            ret = func(*args, **kwargs)\n            log.d('<-- %s, %s', func.__qualname__, 'Success')\n            return ret\n        except wda.WDAElementNotFoundError:\n            print(\"WDAElementNotFoundError\")\n            log.d('\\n--> %s', func.__qualname__)\n            ret = func(*args, **kwargs)\n            log.d('<-- %s, %s', func.__qualname__, 'Success')\n            return ret\n        except Exception as e:\n            log.e('<-- %s, %s, %s\\n', func.__qualname__, 'Exception', e)\n>           raise Exception(e)\nE           Exception: ('element not found', 'timeout 5.0')\n\ncommon/decorator.py:115: Exception","flaky":false,"newFailed":false,"newBroken":false,"newPassed":false,"retriesCount":0,"retriesStatusChange":false,"beforeStages":[{"name":"xunit_setup_class_fixture_TestLogin","time":{"start":1656057176870,"stop":1656057176870,"duration":0},"status":"passed","steps":[],"attachments":[],"parameters":[],"stepsCount":0,"attachmentsCount":0,"shouldDisplayMessage":false,"hasContent":false},{"name":"xunit_setup_method_fixture_TestLogin","time":{"start":1656057176870,"stop":1656057180124,"duration":3254},"status":"passed","steps":[],"attachments":[{"uid":"b6daa423b7f70b71","name":"init.activate_app-20220624155257.PNG","source":"b6daa423b7f70b71.png","type":"image/png","size":401654},{"uid":"2b7bcc4dda828d81","name":"init.check_login_status-20220624155259.PNG","source":"2b7bcc4dda828d81.png","type":"image/png","size":401654}],"parameters":[],"stepsCount":0,"attachmentsCount":2,"shouldDisplayMessage":false,"hasContent":true}],"testStage":{"description":"检查登录页协议更新弹窗","status":"broken","statusMessage":"Exception: ('element not found', 'timeout 5.0')","statusTrace":"args = (<pageObject.login.Login object at 0x7fb7d46407c0>,), kwargs = {}\n\n    @wraps(func)\n    def wrapper(*args, **kwargs):\n        try:\n            log.i('--> %s' % func.__qualname__)\n>           return func(*args, **kwargs)\n\ncommon/decorator.py:83: \n_ _ _ _ _ _ _ _ _ _ _ _ _ _ _ _ _ _ _ _ _ _ _ _ _ _ _ _ _ _ _ _ _ _ _ _ _ _ _ _ \n\nself = <pageObject.login.Login object at 0x7fb7d46407c0>\n\n    @allure.step(\"检查登录协议更新弹窗\")\n    @step\n    def check_agreement_update_popup_window(self):\n        # 检查登录页协议更新弹窗\n        log.i(\"检查登录页协议更新弹窗\")\n>       assert self.s(text=\"点击查看《用户协议》，《隐私协议》。\",className='XCUIElementTypeStaticText').get(timeout=5)\n\npageObject/login.py:18: \n_ _ _ _ _ _ _ _ _ _ _ _ _ _ _ _ _ _ _ _ _ _ _ _ _ _ _ _ _ _ _ _ _ _ _ _ _ _ _ _ \n\nself = <wda.Selector object at 0x7fb7d47cc1f0>, timeout = 5, raise_error = True\n\n    def get(self, timeout=None, raise_error=True):\n        \"\"\"\n        Args:\n            timeout (float): timeout for query element, unit seconds\n                Default 10s\n            raise_error (bool): whether to raise error if element not found\n    \n        Returns:\n            Element: UI Element\n    \n        Raises:\n            WDAElementNotFoundError if raise_error is True else None\n        \"\"\"\n        start_time = time.time()\n        if timeout is None:\n            timeout = self._timeout\n        while True:\n            elems = self.find_elements()\n            if len(elems) > 0:\n                return elems[0]\n            if start_time + timeout < time.time():\n                break\n            time.sleep(0.5)\n    \n        if raise_error:\n>           raise WDAElementNotFoundError(\"element not found\",\n                                          \"timeout %.1f\" % timeout)\nE           wda.exceptions.WDAElementNotFoundError: ('element not found', 'timeout 5.0')\n\nvenv/lib/python3.9/site-packages/wda/__init__.py:1513: WDAElementNotFoundError\n\nDuring handling of the above exception, another exception occurred:\n\nargs = (<test_00_login.TestLogin object at 0x7fb7d464d3d0>,), kwargs = {}\ngif_name = '/Users/jike/PycharmProjects/pythonProject/TestReport/iPhoneX_cea307eb34fb7a0ebc2b6402e62de9bdb55cebfa/1656057186917.gif'\nf = <_io.BufferedReader name='/Users/jike/PycharmProjects/pythonProject/TestReport/iPhoneX_cea307eb34fb7a0ebc2b6402e62de9bdb55cebfa/1656057186917.gif'>\nfile = b'GIF89ae\\x04\\x84\\t\\x87\\x00\\x00\\xff\\xff\\xff\\xff\\xfe\\xff\\xff\\xff\\xfd\\xff\\xfe\\xf9\\xff\\xfe\\xf3\\xff\\xfe\\xec\\xff\\xfd\\xf0\\xf...\\xbf\\xee\\xfb\\xea\\xb6?N{\\xef\\xa2\\'\\x8f\\xfa\\xed\\xae\\x97N|\\xeet\\x87\\xec|\\xeb\\xb0//\\xfb\\xb8\\xd9k\\xbf=\\xf7\\xb4\\x05\\x04\\x00;'\n\n    @wraps(func)\n    def wrapper(*args, **kwargs):\n        try:\n            log.d('\\n--> %s', func.__qualname__)\n>           ret = func(*args, **kwargs)\n\ncommon/decorator.py:104: \n_ _ _ _ _ _ _ _ _ _ _ _ _ _ _ _ _ _ _ _ _ _ _ _ _ _ _ _ _ _ _ _ _ _ _ _ _ _ _ _ \n\nself = <test_00_login.TestLogin object at 0x7fb7d464d3d0>\n\n    @allure.description(\"检查登录页协议更新弹窗\")\n    @case\n    def test_00_check_agreement(self):\n>       login.check_agreement()\n\ntests/test_00_login.py:28: \n_ _ _ _ _ _ _ _ _ _ _ _ _ _ _ _ _ _ _ _ _ _ _ _ _ _ _ _ _ _ _ _ _ _ _ _ _ _ _ _ \n\n    def check_agreement():\n>       page.check_agreement_update_popup_window()\n\npageObject/login.py:142: \n_ _ _ _ _ _ _ _ _ _ _ _ _ _ _ _ _ _ _ _ _ _ _ _ _ _ _ _ _ _ _ _ _ _ _ _ _ _ _ _ \n\na = (<pageObject.login.Login object at 0x7fb7d46407c0>,), kw = {}\n__tracebackhide__ = True\nparams = OrderedDict([('args', '(<pageObject.login.Login object at 0x7fb7d46407c0>,)')])\nargs = ['<pageObject.login.Login object at 0x7fb7d46407c0>']\n\n    @wraps(func)\n    def impl(*a, **kw):\n        __tracebackhide__ = True\n        params = func_parameters(func, *a, **kw)\n        args = list(map(lambda x: represent(x), a))\n        with StepContext(self.title.format(*args, **params), params):\n>           return func(*a, **kw)\n\nvenv/lib/python3.9/site-packages/allure_commons/_allure.py:172: \n_ _ _ _ _ _ _ _ _ _ _ _ _ _ _ _ _ _ _ _ _ _ _ _ _ _ _ _ _ _ _ _ _ _ _ _ _ _ _ _ \n\nargs = (<pageObject.login.Login object at 0x7fb7d46407c0>,), kwargs = {}\n\n    @wraps(func)\n    def wrapper(*args, **kwargs):\n        try:\n            log.i('--> %s' % func.__qualname__)\n            return func(*args, **kwargs)\n        except requests.ConnectionError:\n            print(\"ConnectionError\")\n            reset_driver()\n            func(*args, **kwargs)\n        except Exception as e:\n            log.e('\\t<-- %s, %s, %s', func.__qualname__, 'Exception', e)\n>           raise Exception(e)\nE           Exception: ('element not found', 'timeout 5.0')\n\ncommon/decorator.py:90: Exception\n\nDuring handling of the above exception, another exception occurred:\n\nargs = (<test_00_login.TestLogin object at 0x7fb7d464d3d0>,), kwargs = {}\ngif_name = '/Users/jike/PycharmProjects/pythonProject/TestReport/iPhoneX_cea307eb34fb7a0ebc2b6402e62de9bdb55cebfa/1656057186917.gif'\nf = <_io.BufferedReader name='/Users/jike/PycharmProjects/pythonProject/TestReport/iPhoneX_cea307eb34fb7a0ebc2b6402e62de9bdb55cebfa/1656057186917.gif'>\nfile = b'GIF89ae\\x04\\x84\\t\\x87\\x00\\x00\\xff\\xff\\xff\\xff\\xfe\\xff\\xff\\xff\\xfd\\xff\\xfe\\xf9\\xff\\xfe\\xf3\\xff\\xfe\\xec\\xff\\xfd\\xf0\\xf...\\xbf\\xee\\xfb\\xea\\xb6?N{\\xef\\xa2\\'\\x8f\\xfa\\xed\\xae\\x97N|\\xeet\\x87\\xec|\\xeb\\xb0//\\xfb\\xb8\\xd9k\\xbf=\\xf7\\xb4\\x05\\x04\\x00;'\n\n    @wraps(func)\n    def wrapper(*args, **kwargs):\n        try:\n            log.d('\\n--> %s', func.__qualname__)\n            ret = func(*args, **kwargs)\n            log.d('<-- %s, %s', func.__qualname__, 'Success')\n            return ret\n        except wda.WDAElementNotFoundError:\n            print(\"WDAElementNotFoundError\")\n            log.d('\\n--> %s', func.__qualname__)\n            ret = func(*args, **kwargs)\n            log.d('<-- %s, %s', func.__qualname__, 'Success')\n            return ret\n        except Exception as e:\n            log.e('<-- %s, %s, %s\\n', func.__qualname__, 'Exception', e)\n>           raise Exception(e)\nE           Exception: ('element not found', 'timeout 5.0')\n\ncommon/decorator.py:115: Exception","steps":[{"name":"检查登录协议更新弹窗","time":{"start":1656057180126,"stop":1656057186672,"duration":6546},"status":"broken","statusMessage":"Exception: ('element not found', 'timeout 5.0')\n","statusTrace":"  File \"/Users/jike/PycharmProjects/pythonProject/venv/lib/python3.9/site-packages/allure_commons/_allure.py\", line 172, in impl\n    return func(*a, **kw)\n  File \"/Users/jike/PycharmProjects/pythonProject/common/decorator.py\", line 90, in wrapper\n    raise Exception(e)\n","steps":[],"attachments":[{"uid":"cb3b09b2dc418ecf","name":"Login.check_agreement_update_popup_window-20220624155306.PNG","source":"cb3b09b2dc418ecf.png","type":"image/png","size":401645}],"parameters":[{"name":"args","value":"(<pageObject.login.Login object at 0x7fb7d46407c0>,)"}],"stepsCount":0,"attachmentsCount":1,"shouldDisplayMessage":true,"hasContent":true}],"attachments":[{"uid":"e26307d8a0ddca9c","name":"case.gif","source":"e26307d8a0ddca9c.gif","type":"image/gif","size":430161},{"uid":"a76ed59058e5b07a","name":"log","source":"a76ed59058e5b07a.txt","type":"text/plain","size":675}],"parameters":[],"stepsCount":1,"attachmentsCount":3,"shouldDisplayMessage":true,"hasContent":true},"afterStages":[{"name":"xunit_setup_method_fixture_TestLogin::0","time":{"start":1656057187796,"stop":1656057187796,"duration":0},"status":"passed","steps":[],"attachments":[],"parameters":[],"stepsCount":0,"attachmentsCount":0,"shouldDisplayMessage":false,"hasContent":false},{"name":"xunit_setup_class_fixture_TestLogin::0","time":{"start":1656057236981,"stop":1656057236985,"duration":4},"status":"broken","statusMessage":"TypeError: stop_app() missing 1 required positional argument: 'pkg_name'\n","statusTrace":"  File \"/Users/jike/PycharmProjects/pythonProject/venv/lib/python3.9/site-packages/allure_commons/_allure.py\", line 200, in __call__\n    return self._fixture_function(*args, **kwargs)\n  File \"/Users/jike/PycharmProjects/pythonProject/venv/lib/python3.9/site-packages/_pytest/fixtures.py\", line 941, in _teardown_yield_fixture\n    next(it)\n  File \"/Users/jike/PycharmProjects/pythonProject/venv/lib/python3.9/site-packages/_pytest/python.py\", line 815, in xunit_setup_class_fixture\n    _call_with_optional_argument(func, self.obj)\n  File \"/Users/jike/PycharmProjects/pythonProject/venv/lib/python3.9/site-packages/_pytest/python.py\", line 739, in _call_with_optional_argument\n    func(arg)\n  File \"/Users/jike/PycharmProjects/pythonProject/tests/test_00_login.py\", line 23, in teardown_class\n    init().stop_app()\n","steps":[],"attachments":[],"parameters":[],"stepsCount":0,"attachmentsCount":0,"shouldDisplayMessage":true,"hasContent":true}],"labels":[{"name":"feature","value":"登录"},{"name":"tag","value":"jw"},{"name":"parentSuite","value":"tests"},{"name":"suite","value":"test_00_login"},{"name":"subSuite","value":"TestLogin"},{"name":"host","value":"jikedeMBP-4"},{"name":"thread","value":"30589-MainThread"},{"name":"framework","value":"pytest"},{"name":"language","value":"cpython3"},{"name":"package","value":"tests.test_00_login"},{"name":"resultFormat","value":"allure2"}],"parameters":[],"links":[],"hidden":true,"retry":true,"extra":{"categories":[],"tags":["jw"]},"source":"f92d73e9e98d1f34.json","parameterValues":[]}