{"uid":"fd9132a94d0d4c19","name":"test_01_phone_login","fullName":"tests.test_00_login.TestLogin#test_01_phone_login","historyId":"6bbda9dd678259dc795c231e4fb7cb31","time":{"start":1656057579521,"stop":1656057617749,"duration":38228},"description":"登录账号","descriptionHtml":"<p>登录账号</p>\n","status":"broken","statusMessage":"Exception: ('element not found', 'timeout 30.0')","statusTrace":"args = (<pageObject.login.Login object at 0x7fe563e4b670>,), kwargs = {}\n\n    @wraps(func)\n    def wrapper(*args, **kwargs):\n        try:\n            log.i('--> %s' % func.__qualname__)\n>           return func(*args, **kwargs)\n\ncommon/decorator.py:83: \n_ _ _ _ _ _ _ _ _ _ _ _ _ _ _ _ _ _ _ _ _ _ _ _ _ _ _ _ _ _ _ _ _ _ _ _ _ _ _ _ \n\nself = <pageObject.login.Login object at 0x7fe563e4b670>\n\n    @allure.step('在更多登录方式抽屉中 勾选已阅读并同意协议')\n    @step\n    def select_agreement_box_window(self):\n        # 在更多登录方式抽屉中 勾选已阅读并同意协议\n        log.i(\"在更多登录方式抽屉中 勾选已阅读并同意协议\")\n>       self.s(xpath=\"//Window[1]/Other[1]/Other[1]/Other[1]/Other[1]/Other[1]/Other[1]/Other[1]/Other[4]/Other[2]/Button[1]\").click()\n\npageObject/login.py:78: \n_ _ _ _ _ _ _ _ _ _ _ _ _ _ _ _ _ _ _ _ _ _ _ _ _ _ _ _ _ _ _ _ _ _ _ _ _ _ _ _ \n\nself = <wda.Selector object at 0x7fe56413f4f0>, timeout = None\n\n    def click(self, timeout: Optional[float] = None):\n        \"\"\"\n        Click element\n    \n        Args:\n            timeout (float): max wait seconds\n        \"\"\"\n>       e = self.get(timeout=timeout)\n\nvenv/lib/python3.9/site-packages/wda/__init__.py:1552: \n_ _ _ _ _ _ _ _ _ _ _ _ _ _ _ _ _ _ _ _ _ _ _ _ _ _ _ _ _ _ _ _ _ _ _ _ _ _ _ _ \n\nself = <wda.Selector object at 0x7fe56413f4f0>, timeout = 30.0\nraise_error = True\n\n    def get(self, timeout=None, raise_error=True):\n        \"\"\"\n        Args:\n            timeout (float): timeout for query element, unit seconds\n                Default 10s\n            raise_error (bool): whether to raise error if element not found\n    \n        Returns:\n            Element: UI Element\n    \n        Raises:\n            WDAElementNotFoundError if raise_error is True else None\n        \"\"\"\n        start_time = time.time()\n        if timeout is None:\n            timeout = self._timeout\n        while True:\n            elems = self.find_elements()\n            if len(elems) > 0:\n                return elems[0]\n            if start_time + timeout < time.time():\n                break\n            time.sleep(0.5)\n    \n        if raise_error:\n>           raise WDAElementNotFoundError(\"element not found\",\n                                          \"timeout %.1f\" % timeout)\nE           wda.exceptions.WDAElementNotFoundError: ('element not found', 'timeout 30.0')\n\nvenv/lib/python3.9/site-packages/wda/__init__.py:1513: WDAElementNotFoundError\n\nDuring handling of the above exception, another exception occurred:\n\nargs = (<test_00_login.TestLogin object at 0x7fe5640f9af0>,), kwargs = {}\ngif_name = '/Users/jike/PycharmProjects/pythonProject/TestReport/iPhoneX_cea307eb34fb7a0ebc2b6402e62de9bdb55cebfa/1656057616517.gif'\nf = <_io.BufferedReader name='/Users/jike/PycharmProjects/pythonProject/TestReport/iPhoneX_cea307eb34fb7a0ebc2b6402e62de9bdb55cebfa/1656057616517.gif'>\nfile = b'GIF89ae\\x04\\x84\\t\\x87\\x00\\x00\\xff\\xff\\xff\\xff\\xfd\\xff\\xff\\xff\\xfd\\xff\\xfe\\xf9\\xff\\xfe\\xf3\\xff\\xfe\\xec\\xff\\xfd\\xf0\\xf...\\x8cr\\xca*\\xaf\\xccr\\xcb.\\xbf\\x0cs\\xcc2\\xcfLs\\xcd6\\xdf\\x8cs\\xce:\\xef\\xccs\\xcf>\\xff\\x0ct\\xd0B\\x0fMt\\xd1\\xe0\\x05\\x04\\x00;'\n\n    @wraps(func)\n    def wrapper(*args, **kwargs):\n        try:\n            log.d('\\n--> %s', func.__qualname__)\n>           ret = func(*args, **kwargs)\n\ncommon/decorator.py:104: \n_ _ _ _ _ _ _ _ _ _ _ _ _ _ _ _ _ _ _ _ _ _ _ _ _ _ _ _ _ _ _ _ _ _ _ _ _ _ _ _ \n\nself = <test_00_login.TestLogin object at 0x7fe5640f9af0>\n\n    @allure.description(\"登录账号\")\n    @case\n    def test_01_phone_login(self):\n>       login.phone_login(\"14030073007\", \"123456\")\n\ntests/test_00_login.py:34: \n_ _ _ _ _ _ _ _ _ _ _ _ _ _ _ _ _ _ _ _ _ _ _ _ _ _ _ _ _ _ _ _ _ _ _ _ _ _ _ _ \n\nphone = '14030073007', password = '123456'\n\n    def phone_login(phone, password):\n        # page.select_agreement_update_agree()\n        page.select_more_login_window()\n        page.select_phone_login()\n>       page.select_agreement_box_window()\n\npageObject/login.py:159: \n_ _ _ _ _ _ _ _ _ _ _ _ _ _ _ _ _ _ _ _ _ _ _ _ _ _ _ _ _ _ _ _ _ _ _ _ _ _ _ _ \n\na = (<pageObject.login.Login object at 0x7fe563e4b670>,), kw = {}\n__tracebackhide__ = True\nparams = OrderedDict([('args', '(<pageObject.login.Login object at 0x7fe563e4b670>,)')])\nargs = ['<pageObject.login.Login object at 0x7fe563e4b670>']\n\n    @wraps(func)\n    def impl(*a, **kw):\n        __tracebackhide__ = True\n        params = func_parameters(func, *a, **kw)\n        args = list(map(lambda x: represent(x), a))\n        with StepContext(self.title.format(*args, **params), params):\n>           return func(*a, **kw)\n\nvenv/lib/python3.9/site-packages/allure_commons/_allure.py:172: \n_ _ _ _ _ _ _ _ _ _ _ _ _ _ _ _ _ _ _ _ _ _ _ _ _ _ _ _ _ _ _ _ _ _ _ _ _ _ _ _ \n\nargs = (<pageObject.login.Login object at 0x7fe563e4b670>,), kwargs = {}\n\n    @wraps(func)\n    def wrapper(*args, **kwargs):\n        try:\n            log.i('--> %s' % func.__qualname__)\n            return func(*args, **kwargs)\n        except requests.ConnectionError:\n            print(\"ConnectionError\")\n            reset_driver()\n            func(*args, **kwargs)\n        except Exception as e:\n            log.e('\\t<-- %s, %s, %s', func.__qualname__, 'Exception', e)\n>           raise Exception(e)\nE           Exception: ('element not found', 'timeout 30.0')\n\ncommon/decorator.py:90: Exception\n\nDuring handling of the above exception, another exception occurred:\n\nargs = (<test_00_login.TestLogin object at 0x7fe5640f9af0>,), kwargs = {}\ngif_name = '/Users/jike/PycharmProjects/pythonProject/TestReport/iPhoneX_cea307eb34fb7a0ebc2b6402e62de9bdb55cebfa/1656057616517.gif'\nf = <_io.BufferedReader name='/Users/jike/PycharmProjects/pythonProject/TestReport/iPhoneX_cea307eb34fb7a0ebc2b6402e62de9bdb55cebfa/1656057616517.gif'>\nfile = b'GIF89ae\\x04\\x84\\t\\x87\\x00\\x00\\xff\\xff\\xff\\xff\\xfd\\xff\\xff\\xff\\xfd\\xff\\xfe\\xf9\\xff\\xfe\\xf3\\xff\\xfe\\xec\\xff\\xfd\\xf0\\xf...\\x8cr\\xca*\\xaf\\xccr\\xcb.\\xbf\\x0cs\\xcc2\\xcfLs\\xcd6\\xdf\\x8cs\\xce:\\xef\\xccs\\xcf>\\xff\\x0ct\\xd0B\\x0fMt\\xd1\\xe0\\x05\\x04\\x00;'\n\n    @wraps(func)\n    def wrapper(*args, **kwargs):\n        try:\n            log.d('\\n--> %s', func.__qualname__)\n            ret = func(*args, **kwargs)\n            log.d('<-- %s, %s', func.__qualname__, 'Success')\n            return ret\n        except wda.WDAElementNotFoundError:\n            print(\"WDAElementNotFoundError\")\n            log.d('\\n--> %s', func.__qualname__)\n            ret = func(*args, **kwargs)\n            log.d('<-- %s, %s', func.__qualname__, 'Success')\n            return ret\n        except Exception as e:\n            log.e('<-- %s, %s, %s\\n', func.__qualname__, 'Exception', e)\n>           raise Exception(e)\nE           Exception: ('element not found', 'timeout 30.0')\n\ncommon/decorator.py:115: Exception","flaky":false,"newFailed":false,"newBroken":false,"newPassed":false,"retriesCount":0,"retriesStatusChange":false,"beforeStages":[{"name":"xunit_setup_method_fixture_TestLogin","time":{"start":1656057576205,"stop":1656057579520,"duration":3315},"status":"passed","steps":[],"attachments":[{"uid":"a48ed3ce3301bbfd","name":"init.activate_app-20220624155937.PNG","source":"a48ed3ce3301bbfd.png","type":"image/png","size":395358},{"uid":"95aa351344f16463","name":"init.check_login_status-20220624155939.PNG","source":"95aa351344f16463.png","type":"image/png","size":395358}],"parameters":[],"stepsCount":0,"attachmentsCount":2,"shouldDisplayMessage":false,"hasContent":true}],"testStage":{"description":"登录账号","status":"broken","statusMessage":"Exception: ('element not found', 'timeout 30.0')","statusTrace":"args = (<pageObject.login.Login object at 0x7fe563e4b670>,), kwargs = {}\n\n    @wraps(func)\n    def wrapper(*args, **kwargs):\n        try:\n            log.i('--> %s' % func.__qualname__)\n>           return func(*args, **kwargs)\n\ncommon/decorator.py:83: \n_ _ _ _ _ _ _ _ _ _ _ _ _ _ _ _ _ _ _ _ _ _ _ _ _ _ _ _ _ _ _ _ _ _ _ _ _ _ _ _ \n\nself = <pageObject.login.Login object at 0x7fe563e4b670>\n\n    @allure.step('在更多登录方式抽屉中 勾选已阅读并同意协议')\n    @step\n    def select_agreement_box_window(self):\n        # 在更多登录方式抽屉中 勾选已阅读并同意协议\n        log.i(\"在更多登录方式抽屉中 勾选已阅读并同意协议\")\n>       self.s(xpath=\"//Window[1]/Other[1]/Other[1]/Other[1]/Other[1]/Other[1]/Other[1]/Other[1]/Other[4]/Other[2]/Button[1]\").click()\n\npageObject/login.py:78: \n_ _ _ _ _ _ _ _ _ _ _ _ _ _ _ _ _ _ _ _ _ _ _ _ _ _ _ _ _ _ _ _ _ _ _ _ _ _ _ _ \n\nself = <wda.Selector object at 0x7fe56413f4f0>, timeout = None\n\n    def click(self, timeout: Optional[float] = None):\n        \"\"\"\n        Click element\n    \n        Args:\n            timeout (float): max wait seconds\n        \"\"\"\n>       e = self.get(timeout=timeout)\n\nvenv/lib/python3.9/site-packages/wda/__init__.py:1552: \n_ _ _ _ _ _ _ _ _ _ _ _ _ _ _ _ _ _ _ _ _ _ _ _ _ _ _ _ _ _ _ _ _ _ _ _ _ _ _ _ \n\nself = <wda.Selector object at 0x7fe56413f4f0>, timeout = 30.0\nraise_error = True\n\n    def get(self, timeout=None, raise_error=True):\n        \"\"\"\n        Args:\n            timeout (float): timeout for query element, unit seconds\n                Default 10s\n            raise_error (bool): whether to raise error if element not found\n    \n        Returns:\n            Element: UI Element\n    \n        Raises:\n            WDAElementNotFoundError if raise_error is True else None\n        \"\"\"\n        start_time = time.time()\n        if timeout is None:\n            timeout = self._timeout\n        while True:\n            elems = self.find_elements()\n            if len(elems) > 0:\n                return elems[0]\n            if start_time + timeout < time.time():\n                break\n            time.sleep(0.5)\n    \n        if raise_error:\n>           raise WDAElementNotFoundError(\"element not found\",\n                                          \"timeout %.1f\" % timeout)\nE           wda.exceptions.WDAElementNotFoundError: ('element not found', 'timeout 30.0')\n\nvenv/lib/python3.9/site-packages/wda/__init__.py:1513: WDAElementNotFoundError\n\nDuring handling of the above exception, another exception occurred:\n\nargs = (<test_00_login.TestLogin object at 0x7fe5640f9af0>,), kwargs = {}\ngif_name = '/Users/jike/PycharmProjects/pythonProject/TestReport/iPhoneX_cea307eb34fb7a0ebc2b6402e62de9bdb55cebfa/1656057616517.gif'\nf = <_io.BufferedReader name='/Users/jike/PycharmProjects/pythonProject/TestReport/iPhoneX_cea307eb34fb7a0ebc2b6402e62de9bdb55cebfa/1656057616517.gif'>\nfile = b'GIF89ae\\x04\\x84\\t\\x87\\x00\\x00\\xff\\xff\\xff\\xff\\xfd\\xff\\xff\\xff\\xfd\\xff\\xfe\\xf9\\xff\\xfe\\xf3\\xff\\xfe\\xec\\xff\\xfd\\xf0\\xf...\\x8cr\\xca*\\xaf\\xccr\\xcb.\\xbf\\x0cs\\xcc2\\xcfLs\\xcd6\\xdf\\x8cs\\xce:\\xef\\xccs\\xcf>\\xff\\x0ct\\xd0B\\x0fMt\\xd1\\xe0\\x05\\x04\\x00;'\n\n    @wraps(func)\n    def wrapper(*args, **kwargs):\n        try:\n            log.d('\\n--> %s', func.__qualname__)\n>           ret = func(*args, **kwargs)\n\ncommon/decorator.py:104: \n_ _ _ _ _ _ _ _ _ _ _ _ _ _ _ _ _ _ _ _ _ _ _ _ _ _ _ _ _ _ _ _ _ _ _ _ _ _ _ _ \n\nself = <test_00_login.TestLogin object at 0x7fe5640f9af0>\n\n    @allure.description(\"登录账号\")\n    @case\n    def test_01_phone_login(self):\n>       login.phone_login(\"14030073007\", \"123456\")\n\ntests/test_00_login.py:34: \n_ _ _ _ _ _ _ _ _ _ _ _ _ _ _ _ _ _ _ _ _ _ _ _ _ _ _ _ _ _ _ _ _ _ _ _ _ _ _ _ \n\nphone = '14030073007', password = '123456'\n\n    def phone_login(phone, password):\n        # page.select_agreement_update_agree()\n        page.select_more_login_window()\n        page.select_phone_login()\n>       page.select_agreement_box_window()\n\npageObject/login.py:159: \n_ _ _ _ _ _ _ _ _ _ _ _ _ _ _ _ _ _ _ _ _ _ _ _ _ _ _ _ _ _ _ _ _ _ _ _ _ _ _ _ \n\na = (<pageObject.login.Login object at 0x7fe563e4b670>,), kw = {}\n__tracebackhide__ = True\nparams = OrderedDict([('args', '(<pageObject.login.Login object at 0x7fe563e4b670>,)')])\nargs = ['<pageObject.login.Login object at 0x7fe563e4b670>']\n\n    @wraps(func)\n    def impl(*a, **kw):\n        __tracebackhide__ = True\n        params = func_parameters(func, *a, **kw)\n        args = list(map(lambda x: represent(x), a))\n        with StepContext(self.title.format(*args, **params), params):\n>           return func(*a, **kw)\n\nvenv/lib/python3.9/site-packages/allure_commons/_allure.py:172: \n_ _ _ _ _ _ _ _ _ _ _ _ _ _ _ _ _ _ _ _ _ _ _ _ _ _ _ _ _ _ _ _ _ _ _ _ _ _ _ _ \n\nargs = (<pageObject.login.Login object at 0x7fe563e4b670>,), kwargs = {}\n\n    @wraps(func)\n    def wrapper(*args, **kwargs):\n        try:\n            log.i('--> %s' % func.__qualname__)\n            return func(*args, **kwargs)\n        except requests.ConnectionError:\n            print(\"ConnectionError\")\n            reset_driver()\n            func(*args, **kwargs)\n        except Exception as e:\n            log.e('\\t<-- %s, %s, %s', func.__qualname__, 'Exception', e)\n>           raise Exception(e)\nE           Exception: ('element not found', 'timeout 30.0')\n\ncommon/decorator.py:90: Exception\n\nDuring handling of the above exception, another exception occurred:\n\nargs = (<test_00_login.TestLogin object at 0x7fe5640f9af0>,), kwargs = {}\ngif_name = '/Users/jike/PycharmProjects/pythonProject/TestReport/iPhoneX_cea307eb34fb7a0ebc2b6402e62de9bdb55cebfa/1656057616517.gif'\nf = <_io.BufferedReader name='/Users/jike/PycharmProjects/pythonProject/TestReport/iPhoneX_cea307eb34fb7a0ebc2b6402e62de9bdb55cebfa/1656057616517.gif'>\nfile = b'GIF89ae\\x04\\x84\\t\\x87\\x00\\x00\\xff\\xff\\xff\\xff\\xfd\\xff\\xff\\xff\\xfd\\xff\\xfe\\xf9\\xff\\xfe\\xf3\\xff\\xfe\\xec\\xff\\xfd\\xf0\\xf...\\x8cr\\xca*\\xaf\\xccr\\xcb.\\xbf\\x0cs\\xcc2\\xcfLs\\xcd6\\xdf\\x8cs\\xce:\\xef\\xccs\\xcf>\\xff\\x0ct\\xd0B\\x0fMt\\xd1\\xe0\\x05\\x04\\x00;'\n\n    @wraps(func)\n    def wrapper(*args, **kwargs):\n        try:\n            log.d('\\n--> %s', func.__qualname__)\n            ret = func(*args, **kwargs)\n            log.d('<-- %s, %s', func.__qualname__, 'Success')\n            return ret\n        except wda.WDAElementNotFoundError:\n            print(\"WDAElementNotFoundError\")\n            log.d('\\n--> %s', func.__qualname__)\n            ret = func(*args, **kwargs)\n            log.d('<-- %s, %s', func.__qualname__, 'Success')\n            return ret\n        except Exception as e:\n            log.e('<-- %s, %s, %s\\n', func.__qualname__, 'Exception', e)\n>           raise Exception(e)\nE           Exception: ('element not found', 'timeout 30.0')\n\ncommon/decorator.py:115: Exception","steps":[{"name":"检查更多登录方式","time":{"start":1656057579521,"stop":1656057581742,"duration":2221},"status":"passed","steps":[],"attachments":[{"uid":"696ac288c4cb821f","name":"Login.select_more_login_window-20220624155941.PNG","source":"696ac288c4cb821f.png","type":"image/png","size":480924}],"parameters":[{"name":"args","value":"(<pageObject.login.Login object at 0x7fe563e4b670>,)"}],"stepsCount":0,"attachmentsCount":1,"shouldDisplayMessage":false,"hasContent":true},{"name":"选择手机号登录","time":{"start":1656057581742,"stop":1656057584148,"duration":2406},"status":"passed","steps":[],"attachments":[{"uid":"9a819db552763146","name":"Login.select_phone_login-20220624155943.PNG","source":"9a819db552763146.png","type":"image/png","size":263486}],"parameters":[{"name":"args","value":"(<pageObject.login.Login object at 0x7fe563e4b670>,)"}],"stepsCount":0,"attachmentsCount":1,"shouldDisplayMessage":false,"hasContent":true},{"name":"在更多登录方式抽屉中 勾选已阅读并同意协议","time":{"start":1656057584148,"stop":1656057616103,"duration":31955},"status":"broken","statusMessage":"Exception: ('element not found', 'timeout 30.0')\n","statusTrace":"  File \"/Users/jike/PycharmProjects/pythonProject/venv/lib/python3.9/site-packages/allure_commons/_allure.py\", line 172, in impl\n    return func(*a, **kw)\n  File \"/Users/jike/PycharmProjects/pythonProject/common/decorator.py\", line 90, in wrapper\n    raise Exception(e)\n","steps":[],"attachments":[{"uid":"c3c496f132b5f355","name":"Login.select_agreement_box_window-20220624160015.PNG","source":"c3c496f132b5f355.png","type":"image/png","size":254620}],"parameters":[{"name":"args","value":"(<pageObject.login.Login object at 0x7fe563e4b670>,)"}],"stepsCount":0,"attachmentsCount":1,"shouldDisplayMessage":true,"hasContent":true}],"attachments":[{"uid":"520ba54008aab12a","name":"case.gif","source":"520ba54008aab12a.gif","type":"image/gif","size":665471},{"uid":"c9089dcc00eefdda","name":"log","source":"c9089dcc00eefdda.txt","type":"text/plain","size":926}],"parameters":[],"stepsCount":3,"attachmentsCount":5,"shouldDisplayMessage":true,"hasContent":true},"afterStages":[{"name":"xunit_setup_method_fixture_TestLogin::0","time":{"start":1656057617834,"stop":1656057617834,"duration":0},"status":"broken","statusMessage":"TypeError: stop_app() missing 1 required positional argument: 'pkg_name'\n","statusTrace":"  File \"/Users/jike/PycharmProjects/pythonProject/venv/lib/python3.9/site-packages/allure_commons/_allure.py\", line 200, in __call__\n    return self._fixture_function(*args, **kwargs)\n  File \"/Users/jike/PycharmProjects/pythonProject/venv/lib/python3.9/site-packages/_pytest/fixtures.py\", line 941, in _teardown_yield_fixture\n    next(it)\n  File \"/Users/jike/PycharmProjects/pythonProject/venv/lib/python3.9/site-packages/_pytest/python.py\", line 845, in xunit_setup_method_fixture\n    _call_with_optional_argument(func, method)\n  File \"/Users/jike/PycharmProjects/pythonProject/venv/lib/python3.9/site-packages/_pytest/python.py\", line 741, in _call_with_optional_argument\n    func()\n  File \"/Users/jike/PycharmProjects/pythonProject/tests/test_00_login.py\", line 23, in teardown_method\n    init().stop_app()\n","steps":[],"attachments":[],"parameters":[],"stepsCount":0,"attachmentsCount":0,"shouldDisplayMessage":true,"hasContent":true}],"labels":[{"name":"feature","value":"登录"},{"name":"tag","value":"jw"},{"name":"parentSuite","value":"tests"},{"name":"suite","value":"test_00_login"},{"name":"subSuite","value":"TestLogin"},{"name":"host","value":"jikedeMBP-4"},{"name":"thread","value":"31002-MainThread"},{"name":"framework","value":"pytest"},{"name":"language","value":"cpython3"},{"name":"package","value":"tests.test_00_login"},{"name":"resultFormat","value":"allure2"}],"parameters":[],"links":[],"hidden":true,"retry":true,"extra":{"categories":[],"tags":["jw"]},"source":"fd9132a94d0d4c19.json","parameterValues":[]}